Build started 12/3/2014 5:07:31 PM.
     1>Project "C:\Users\Owner\Documents\Visual Studio 2012\Projects\Truss Analyzer\Truss Analyzer\Truss Analyzer.vcxproj" on node 2 (Build target(s)).
     1>ClCompile:
         C:\Program Files (x86)\Microsoft Visual Studio 11.0\VC\bin\CL.exe /c /ZI /nologo /W3 /WX- /sdl /Od /Oy- /D _CRT_SECURE_NO_WARNINGS /D WIN32 /D _DEBUG /D _WINDOWS /D _UNICODE /D UNICODE /Gm /EHsc /RTC1 /MDd /GS /fp:precise /Zc:wchar_t /Zc:forScope /Fo"Debug\\" /Fd"Debug\vc110.pdb" /Gd /TP /analyze- /errorReport:prompt TrussAnalyzer.cpp
         TrussAnalyzer.cpp
     1>c:\users\owner\documents\visual studio 2012\projects\truss analyzer\truss analyzer\membermanager.h(15): warning C4244: 'argument' : conversion from 'double' to 'unsigned int', possible loss of data
     1>c:\users\owner\documents\visual studio 2012\projects\truss analyzer\truss analyzer\membermanager.h(23): warning C4018: '<' : signed/unsigned mismatch
     1>c:\users\owner\documents\visual studio 2012\projects\truss analyzer\truss analyzer\membermanager.h(26): warning C4018: '<' : signed/unsigned mismatch
     1>c:\users\owner\documents\visual studio 2012\projects\truss analyzer\truss analyzer\matrix.h(18): warning C4018: '<' : signed/unsigned mismatch
     1>c:\users\owner\documents\visual studio 2012\projects\truss analyzer\truss analyzer\constraintmanager.h(15): warning C4018: '<' : signed/unsigned mismatch
     1>c:\users\owner\documents\visual studio 2012\projects\truss analyzer\truss analyzer\constraintmanager.h(18): warning C4018: '<' : signed/unsigned mismatch
       Link:
         C:\Program Files (x86)\Microsoft Visual Studio 11.0\VC\bin\link.exe /ERRORREPORT:PROMPT /OUT:"C:\Users\Owner\Documents\Visual Studio 2012\Projects\Truss Analyzer\Debug\Truss Analyzer.exe" /INCREMENTAL /NOLOGO kernel32.lib user32.lib gdi32.lib winspool.lib comdlg32.lib advapi32.lib shell32.lib ole32.lib oleaut32.lib uuid.lib odbc32.lib odbccp32.lib /MANIFEST /MANIFESTUAC:"level='asInvoker' uiAccess='false'" /manifest:embed /DEBUG /PDB:"C:\Users\Owner\Documents\Visual Studio 2012\Projects\Truss Analyzer\Debug\Truss Analyzer.pdb" /SUBSYSTEM:CONSOLE /TLBID:1 /DYNAMICBASE /NXCOMPAT /IMPLIB:"C:\Users\Owner\Documents\Visual Studio 2012\Projects\Truss Analyzer\Debug\Truss Analyzer.lib" /MACHINE:X86 Debug\ConstraintManager.obj
         Debug\MatrixManager.obj
         Debug\Member.obj
         Debug\MemberManager.obj
         Debug\NodeManager.obj
         Debug\TrussAnalyzer.obj
         Truss Analyzer.vcxproj -> C:\Users\Owner\Documents\Visual Studio 2012\Projects\Truss Analyzer\Debug\Truss Analyzer.exe
     1>Done Building Project "C:\Users\Owner\Documents\Visual Studio 2012\Projects\Truss Analyzer\Truss Analyzer\Truss Analyzer.vcxproj" (Build target(s)).

Build succeeded.

Time Elapsed 00:00:06.06
