C:\USERS\OWNER\DOCUMENTS\VISUAL STUDIO 2012\PROJECTS\TRUSS ANALYZER\TRUSS ANALYZER\DEBUG\VC110.PDB
C:\USERS\OWNER\DOCUMENTS\VISUAL STUDIO 2012\PROJECTS\TRUSS ANALYZER\TRUSS ANALYZER\DEBUG\TRUSSANALYZER.OBJ
C:\USERS\OWNER\DOCUMENTS\VISUAL STUDIO 2012\PROJECTS\TRUSS ANALYZER\TRUSS ANALYZER\DEBUG\MEMBERMANAGER.OBJ
C:\USERS\OWNER\DOCUMENTS\VISUAL STUDIO 2012\PROJECTS\TRUSS ANALYZER\TRUSS ANALYZER\DEBUG\MEMBER.OBJ
C:\USERS\OWNER\DOCUMENTS\VISUAL STUDIO 2012\PROJECTS\TRUSS ANALYZER\TRUSS ANALYZER\DEBUG\NODEMANAGER.OBJ
C:\USERS\OWNER\DOCUMENTS\VISUAL STUDIO 2012\PROJECTS\TRUSS ANALYZER\TRUSS ANALYZER\DEBUG\MATRIXMANAGER.OBJ
C:\USERS\OWNER\DOCUMENTS\VISUAL STUDIO 2012\PROJECTS\TRUSS ANALYZER\TRUSS ANALYZER\DEBUG\CONSTRAINTMANAGER.OBJ
C:\USERS\OWNER\DOCUMENTS\VISUAL STUDIO 2012\PROJECTS\TRUSS ANALYZER\DEBUG\TRUSS ANALYZER.ILK
C:\USERS\OWNER\DOCUMENTS\VISUAL STUDIO 2012\PROJECTS\TRUSS ANALYZER\DEBUG\TRUSS ANALYZER.EXE
C:\USERS\OWNER\DOCUMENTS\VISUAL STUDIO 2012\PROJECTS\TRUSS ANALYZER\DEBUG\TRUSS ANALYZER.PDB
C:\Users\Owner\Documents\Visual Studio 2012\Projects\Truss Analyzer\Truss Analyzer\Debug\ConstraintManager.obj
C:\Users\Owner\Documents\Visual Studio 2012\Projects\Truss Analyzer\Truss Analyzer\Debug\MatrixManager.obj
C:\Users\Owner\Documents\Visual Studio 2012\Projects\Truss Analyzer\Truss Analyzer\Debug\Member.obj
C:\Users\Owner\Documents\Visual Studio 2012\Projects\Truss Analyzer\Truss Analyzer\Debug\MemberManager.obj
C:\Users\Owner\Documents\Visual Studio 2012\Projects\Truss Analyzer\Truss Analyzer\Debug\NodeManager.obj
C:\Users\Owner\Documents\Visual Studio 2012\Projects\Truss Analyzer\Truss Analyzer\Debug\TrussAnalyzer.obj
C:\Users\Owner\Documents\Visual Studio 2012\Projects\Truss Analyzer\Truss Analyzer\Debug\cl.command.1.tlog
C:\Users\Owner\Documents\Visual Studio 2012\Projects\Truss Analyzer\Truss Analyzer\Debug\CL.read.1.tlog
C:\Users\Owner\Documents\Visual Studio 2012\Projects\Truss Analyzer\Truss Analyzer\Debug\CL.write.1.tlog
C:\Users\Owner\Documents\Visual Studio 2012\Projects\Truss Analyzer\Truss Analyzer\Debug\link-cvtres.read.1.tlog
C:\Users\Owner\Documents\Visual Studio 2012\Projects\Truss Analyzer\Truss Analyzer\Debug\link-cvtres.write.1.tlog
C:\Users\Owner\Documents\Visual Studio 2012\Projects\Truss Analyzer\Truss Analyzer\Debug\link-rc.read.1.tlog
C:\Users\Owner\Documents\Visual Studio 2012\Projects\Truss Analyzer\Truss Analyzer\Debug\link-rc.write.1.tlog
C:\Users\Owner\Documents\Visual Studio 2012\Projects\Truss Analyzer\Truss Analyzer\Debug\link.10008-cvtres.read.1.tlog
C:\Users\Owner\Documents\Visual Studio 2012\Projects\Truss Analyzer\Truss Analyzer\Debug\link.10008-cvtres.write.1.tlog
C:\Users\Owner\Documents\Visual Studio 2012\Projects\Truss Analyzer\Truss Analyzer\Debug\link.10008-rc.read.1.tlog
C:\Users\Owner\Documents\Visual Studio 2012\Projects\Truss Analyzer\Truss Analyzer\Debug\link.10008-rc.write.1.tlog
C:\Users\Owner\Documents\Visual Studio 2012\Projects\Truss Analyzer\Truss Analyzer\Debug\link.10008.read.1.tlog
C:\Users\Owner\Documents\Visual Studio 2012\Projects\Truss Analyzer\Truss Analyzer\Debug\link.10008.write.1.tlog
C:\Users\Owner\Documents\Visual Studio 2012\Projects\Truss Analyzer\Truss Analyzer\Debug\link.12844-cvtres.read.1.tlog
C:\Users\Owner\Documents\Visual Studio 2012\Projects\Truss Analyzer\Truss Analyzer\Debug\link.12844-cvtres.write.1.tlog
C:\Users\Owner\Documents\Visual Studio 2012\Projects\Truss Analyzer\Truss Analyzer\Debug\link.12844-rc.read.1.tlog
C:\Users\Owner\Documents\Visual Studio 2012\Projects\Truss Analyzer\Truss Analyzer\Debug\link.12844-rc.write.1.tlog
C:\Users\Owner\Documents\Visual Studio 2012\Projects\Truss Analyzer\Truss Analyzer\Debug\link.12844.read.1.tlog
C:\Users\Owner\Documents\Visual Studio 2012\Projects\Truss Analyzer\Truss Analyzer\Debug\link.12844.write.1.tlog
C:\Users\Owner\Documents\Visual Studio 2012\Projects\Truss Analyzer\Truss Analyzer\Debug\link.1516-cvtres.read.1.tlog
C:\Users\Owner\Documents\Visual Studio 2012\Projects\Truss Analyzer\Truss Analyzer\Debug\link.1516-cvtres.write.1.tlog
C:\Users\Owner\Documents\Visual Studio 2012\Projects\Truss Analyzer\Truss Analyzer\Debug\link.1516-rc.read.1.tlog
C:\Users\Owner\Documents\Visual Studio 2012\Projects\Truss Analyzer\Truss Analyzer\Debug\link.1516-rc.write.1.tlog
C:\Users\Owner\Documents\Visual Studio 2012\Projects\Truss Analyzer\Truss Analyzer\Debug\link.1516.read.1.tlog
C:\Users\Owner\Documents\Visual Studio 2012\Projects\Truss Analyzer\Truss Analyzer\Debug\link.1516.write.1.tlog
C:\Users\Owner\Documents\Visual Studio 2012\Projects\Truss Analyzer\Truss Analyzer\Debug\link.16832-cvtres.read.1.tlog
C:\Users\Owner\Documents\Visual Studio 2012\Projects\Truss Analyzer\Truss Analyzer\Debug\link.16832-cvtres.write.1.tlog
C:\Users\Owner\Documents\Visual Studio 2012\Projects\Truss Analyzer\Truss Analyzer\Debug\link.16832-rc.read.1.tlog
C:\Users\Owner\Documents\Visual Studio 2012\Projects\Truss Analyzer\Truss Analyzer\Debug\link.16832-rc.write.1.tlog
C:\Users\Owner\Documents\Visual Studio 2012\Projects\Truss Analyzer\Truss Analyzer\Debug\link.16832.read.1.tlog
C:\Users\Owner\Documents\Visual Studio 2012\Projects\Truss Analyzer\Truss Analyzer\Debug\link.16832.write.1.tlog
C:\Users\Owner\Documents\Visual Studio 2012\Projects\Truss Analyzer\Truss Analyzer\Debug\link.1712-cvtres.read.1.tlog
C:\Users\Owner\Documents\Visual Studio 2012\Projects\Truss Analyzer\Truss Analyzer\Debug\link.1712-cvtres.write.1.tlog
C:\Users\Owner\Documents\Visual Studio 2012\Projects\Truss Analyzer\Truss Analyzer\Debug\link.1712-rc.read.1.tlog
C:\Users\Owner\Documents\Visual Studio 2012\Projects\Truss Analyzer\Truss Analyzer\Debug\link.1712-rc.write.1.tlog
C:\Users\Owner\Documents\Visual Studio 2012\Projects\Truss Analyzer\Truss Analyzer\Debug\link.1712.read.1.tlog
C:\Users\Owner\Documents\Visual Studio 2012\Projects\Truss Analyzer\Truss Analyzer\Debug\link.1712.write.1.tlog
C:\Users\Owner\Documents\Visual Studio 2012\Projects\Truss Analyzer\Truss Analyzer\Debug\link.17628-cvtres.read.1.tlog
C:\Users\Owner\Documents\Visual Studio 2012\Projects\Truss Analyzer\Truss Analyzer\Debug\link.17628-cvtres.write.1.tlog
C:\Users\Owner\Documents\Visual Studio 2012\Projects\Truss Analyzer\Truss Analyzer\Debug\link.17628-rc.read.1.tlog
C:\Users\Owner\Documents\Visual Studio 2012\Projects\Truss Analyzer\Truss Analyzer\Debug\link.17628-rc.write.1.tlog
C:\Users\Owner\Documents\Visual Studio 2012\Projects\Truss Analyzer\Truss Analyzer\Debug\link.17628.read.1.tlog
C:\Users\Owner\Documents\Visual Studio 2012\Projects\Truss Analyzer\Truss Analyzer\Debug\link.17628.write.1.tlog
C:\Users\Owner\Documents\Visual Studio 2012\Projects\Truss Analyzer\Truss Analyzer\Debug\link.17756-cvtres.read.1.tlog
C:\Users\Owner\Documents\Visual Studio 2012\Projects\Truss Analyzer\Truss Analyzer\Debug\link.17756-cvtres.write.1.tlog
C:\Users\Owner\Documents\Visual Studio 2012\Projects\Truss Analyzer\Truss Analyzer\Debug\link.17756-rc.read.1.tlog
C:\Users\Owner\Documents\Visual Studio 2012\Projects\Truss Analyzer\Truss Analyzer\Debug\link.17756-rc.write.1.tlog
C:\Users\Owner\Documents\Visual Studio 2012\Projects\Truss Analyzer\Truss Analyzer\Debug\link.17756.read.1.tlog
C:\Users\Owner\Documents\Visual Studio 2012\Projects\Truss Analyzer\Truss Analyzer\Debug\link.17756.write.1.tlog
C:\Users\Owner\Documents\Visual Studio 2012\Projects\Truss Analyzer\Truss Analyzer\Debug\link.1920-cvtres.read.1.tlog
C:\Users\Owner\Documents\Visual Studio 2012\Projects\Truss Analyzer\Truss Analyzer\Debug\link.1920-cvtres.write.1.tlog
C:\Users\Owner\Documents\Visual Studio 2012\Projects\Truss Analyzer\Truss Analyzer\Debug\link.1920-rc.read.1.tlog
C:\Users\Owner\Documents\Visual Studio 2012\Projects\Truss Analyzer\Truss Analyzer\Debug\link.1920-rc.write.1.tlog
C:\Users\Owner\Documents\Visual Studio 2012\Projects\Truss Analyzer\Truss Analyzer\Debug\link.1920.read.1.tlog
C:\Users\Owner\Documents\Visual Studio 2012\Projects\Truss Analyzer\Truss Analyzer\Debug\link.1920.write.1.tlog
C:\Users\Owner\Documents\Visual Studio 2012\Projects\Truss Analyzer\Truss Analyzer\Debug\link.2092-cvtres.read.1.tlog
C:\Users\Owner\Documents\Visual Studio 2012\Projects\Truss Analyzer\Truss Analyzer\Debug\link.2092-cvtres.write.1.tlog
C:\Users\Owner\Documents\Visual Studio 2012\Projects\Truss Analyzer\Truss Analyzer\Debug\link.2092-rc.read.1.tlog
C:\Users\Owner\Documents\Visual Studio 2012\Projects\Truss Analyzer\Truss Analyzer\Debug\link.2092-rc.write.1.tlog
C:\Users\Owner\Documents\Visual Studio 2012\Projects\Truss Analyzer\Truss Analyzer\Debug\link.2092.read.1.tlog
C:\Users\Owner\Documents\Visual Studio 2012\Projects\Truss Analyzer\Truss Analyzer\Debug\link.2092.write.1.tlog
C:\Users\Owner\Documents\Visual Studio 2012\Projects\Truss Analyzer\Truss Analyzer\Debug\link.2840-cvtres.read.1.tlog
C:\Users\Owner\Documents\Visual Studio 2012\Projects\Truss Analyzer\Truss Analyzer\Debug\link.2840-cvtres.write.1.tlog
C:\Users\Owner\Documents\Visual Studio 2012\Projects\Truss Analyzer\Truss Analyzer\Debug\link.2840-rc.read.1.tlog
C:\Users\Owner\Documents\Visual Studio 2012\Projects\Truss Analyzer\Truss Analyzer\Debug\link.2840-rc.write.1.tlog
C:\Users\Owner\Documents\Visual Studio 2012\Projects\Truss Analyzer\Truss Analyzer\Debug\link.2840.read.1.tlog
C:\Users\Owner\Documents\Visual Studio 2012\Projects\Truss Analyzer\Truss Analyzer\Debug\link.2840.write.1.tlog
C:\Users\Owner\Documents\Visual Studio 2012\Projects\Truss Analyzer\Truss Analyzer\Debug\link.2960-cvtres.read.1.tlog
C:\Users\Owner\Documents\Visual Studio 2012\Projects\Truss Analyzer\Truss Analyzer\Debug\link.2960-cvtres.write.1.tlog
C:\Users\Owner\Documents\Visual Studio 2012\Projects\Truss Analyzer\Truss Analyzer\Debug\link.2960-rc.read.1.tlog
C:\Users\Owner\Documents\Visual Studio 2012\Projects\Truss Analyzer\Truss Analyzer\Debug\link.2960-rc.write.1.tlog
C:\Users\Owner\Documents\Visual Studio 2012\Projects\Truss Analyzer\Truss Analyzer\Debug\link.2960.read.1.tlog
C:\Users\Owner\Documents\Visual Studio 2012\Projects\Truss Analyzer\Truss Analyzer\Debug\link.2960.write.1.tlog
C:\Users\Owner\Documents\Visual Studio 2012\Projects\Truss Analyzer\Truss Analyzer\Debug\link.3132-cvtres.read.1.tlog
C:\Users\Owner\Documents\Visual Studio 2012\Projects\Truss Analyzer\Truss Analyzer\Debug\link.3132-cvtres.write.1.tlog
C:\Users\Owner\Documents\Visual Studio 2012\Projects\Truss Analyzer\Truss Analyzer\Debug\link.3132-rc.read.1.tlog
C:\Users\Owner\Documents\Visual Studio 2012\Projects\Truss Analyzer\Truss Analyzer\Debug\link.3132-rc.write.1.tlog
C:\Users\Owner\Documents\Visual Studio 2012\Projects\Truss Analyzer\Truss Analyzer\Debug\link.3132.read.1.tlog
C:\Users\Owner\Documents\Visual Studio 2012\Projects\Truss Analyzer\Truss Analyzer\Debug\link.3132.write.1.tlog
C:\Users\Owner\Documents\Visual Studio 2012\Projects\Truss Analyzer\Truss Analyzer\Debug\link.3388-cvtres.read.1.tlog
C:\Users\Owner\Documents\Visual Studio 2012\Projects\Truss Analyzer\Truss Analyzer\Debug\link.3388-cvtres.write.1.tlog
C:\Users\Owner\Documents\Visual Studio 2012\Projects\Truss Analyzer\Truss Analyzer\Debug\link.3388-rc.read.1.tlog
C:\Users\Owner\Documents\Visual Studio 2012\Projects\Truss Analyzer\Truss Analyzer\Debug\link.3388-rc.write.1.tlog
C:\Users\Owner\Documents\Visual Studio 2012\Projects\Truss Analyzer\Truss Analyzer\Debug\link.3388.read.1.tlog
C:\Users\Owner\Documents\Visual Studio 2012\Projects\Truss Analyzer\Truss Analyzer\Debug\link.3388.write.1.tlog
C:\Users\Owner\Documents\Visual Studio 2012\Projects\Truss Analyzer\Truss Analyzer\Debug\link.3808-cvtres.read.1.tlog
C:\Users\Owner\Documents\Visual Studio 2012\Projects\Truss Analyzer\Truss Analyzer\Debug\link.3808-cvtres.write.1.tlog
C:\Users\Owner\Documents\Visual Studio 2012\Projects\Truss Analyzer\Truss Analyzer\Debug\link.3808-rc.read.1.tlog
C:\Users\Owner\Documents\Visual Studio 2012\Projects\Truss Analyzer\Truss Analyzer\Debug\link.3808-rc.write.1.tlog
C:\Users\Owner\Documents\Visual Studio 2012\Projects\Truss Analyzer\Truss Analyzer\Debug\link.3808.read.1.tlog
C:\Users\Owner\Documents\Visual Studio 2012\Projects\Truss Analyzer\Truss Analyzer\Debug\link.3808.write.1.tlog
C:\Users\Owner\Documents\Visual Studio 2012\Projects\Truss Analyzer\Truss Analyzer\Debug\link.4468-cvtres.read.1.tlog
C:\Users\Owner\Documents\Visual Studio 2012\Projects\Truss Analyzer\Truss Analyzer\Debug\link.4468-cvtres.write.1.tlog
C:\Users\Owner\Documents\Visual Studio 2012\Projects\Truss Analyzer\Truss Analyzer\Debug\link.4468-rc.read.1.tlog
C:\Users\Owner\Documents\Visual Studio 2012\Projects\Truss Analyzer\Truss Analyzer\Debug\link.4468-rc.write.1.tlog
C:\Users\Owner\Documents\Visual Studio 2012\Projects\Truss Analyzer\Truss Analyzer\Debug\link.4468.read.1.tlog
C:\Users\Owner\Documents\Visual Studio 2012\Projects\Truss Analyzer\Truss Analyzer\Debug\link.4468.write.1.tlog
C:\Users\Owner\Documents\Visual Studio 2012\Projects\Truss Analyzer\Truss Analyzer\Debug\link.5196-cvtres.read.1.tlog
C:\Users\Owner\Documents\Visual Studio 2012\Projects\Truss Analyzer\Truss Analyzer\Debug\link.5196-cvtres.write.1.tlog
C:\Users\Owner\Documents\Visual Studio 2012\Projects\Truss Analyzer\Truss Analyzer\Debug\link.5196-rc.read.1.tlog
C:\Users\Owner\Documents\Visual Studio 2012\Projects\Truss Analyzer\Truss Analyzer\Debug\link.5196-rc.write.1.tlog
C:\Users\Owner\Documents\Visual Studio 2012\Projects\Truss Analyzer\Truss Analyzer\Debug\link.5196.read.1.tlog
C:\Users\Owner\Documents\Visual Studio 2012\Projects\Truss Analyzer\Truss Analyzer\Debug\link.5196.write.1.tlog
C:\Users\Owner\Documents\Visual Studio 2012\Projects\Truss Analyzer\Truss Analyzer\Debug\link.5200-cvtres.read.1.tlog
C:\Users\Owner\Documents\Visual Studio 2012\Projects\Truss Analyzer\Truss Analyzer\Debug\link.5200-cvtres.write.1.tlog
C:\Users\Owner\Documents\Visual Studio 2012\Projects\Truss Analyzer\Truss Analyzer\Debug\link.5200-rc.read.1.tlog
C:\Users\Owner\Documents\Visual Studio 2012\Projects\Truss Analyzer\Truss Analyzer\Debug\link.5200-rc.write.1.tlog
C:\Users\Owner\Documents\Visual Studio 2012\Projects\Truss Analyzer\Truss Analyzer\Debug\link.5200.read.1.tlog
C:\Users\Owner\Documents\Visual Studio 2012\Projects\Truss Analyzer\Truss Analyzer\Debug\link.5200.write.1.tlog
C:\Users\Owner\Documents\Visual Studio 2012\Projects\Truss Analyzer\Truss Analyzer\Debug\link.5984-cvtres.read.1.tlog
C:\Users\Owner\Documents\Visual Studio 2012\Projects\Truss Analyzer\Truss Analyzer\Debug\link.5984-cvtres.write.1.tlog
C:\Users\Owner\Documents\Visual Studio 2012\Projects\Truss Analyzer\Truss Analyzer\Debug\link.5984-rc.read.1.tlog
C:\Users\Owner\Documents\Visual Studio 2012\Projects\Truss Analyzer\Truss Analyzer\Debug\link.5984-rc.write.1.tlog
C:\Users\Owner\Documents\Visual Studio 2012\Projects\Truss Analyzer\Truss Analyzer\Debug\link.5984.read.1.tlog
C:\Users\Owner\Documents\Visual Studio 2012\Projects\Truss Analyzer\Truss Analyzer\Debug\link.5984.write.1.tlog
C:\Users\Owner\Documents\Visual Studio 2012\Projects\Truss Analyzer\Truss Analyzer\Debug\link.6068-cvtres.read.1.tlog
C:\Users\Owner\Documents\Visual Studio 2012\Projects\Truss Analyzer\Truss Analyzer\Debug\link.6068-cvtres.write.1.tlog
C:\Users\Owner\Documents\Visual Studio 2012\Projects\Truss Analyzer\Truss Analyzer\Debug\link.6068-rc.read.1.tlog
C:\Users\Owner\Documents\Visual Studio 2012\Projects\Truss Analyzer\Truss Analyzer\Debug\link.6068-rc.write.1.tlog
C:\Users\Owner\Documents\Visual Studio 2012\Projects\Truss Analyzer\Truss Analyzer\Debug\link.6068.read.1.tlog
C:\Users\Owner\Documents\Visual Studio 2012\Projects\Truss Analyzer\Truss Analyzer\Debug\link.6068.write.1.tlog
C:\Users\Owner\Documents\Visual Studio 2012\Projects\Truss Analyzer\Truss Analyzer\Debug\link.6268-cvtres.read.1.tlog
C:\Users\Owner\Documents\Visual Studio 2012\Projects\Truss Analyzer\Truss Analyzer\Debug\link.6268-cvtres.write.1.tlog
C:\Users\Owner\Documents\Visual Studio 2012\Projects\Truss Analyzer\Truss Analyzer\Debug\link.6268-rc.read.1.tlog
C:\Users\Owner\Documents\Visual Studio 2012\Projects\Truss Analyzer\Truss Analyzer\Debug\link.6268-rc.write.1.tlog
C:\Users\Owner\Documents\Visual Studio 2012\Projects\Truss Analyzer\Truss Analyzer\Debug\link.6268.read.1.tlog
C:\Users\Owner\Documents\Visual Studio 2012\Projects\Truss Analyzer\Truss Analyzer\Debug\link.6268.write.1.tlog
C:\Users\Owner\Documents\Visual Studio 2012\Projects\Truss Analyzer\Truss Analyzer\Debug\link.6464-cvtres.read.1.tlog
C:\Users\Owner\Documents\Visual Studio 2012\Projects\Truss Analyzer\Truss Analyzer\Debug\link.6464-cvtres.write.1.tlog
C:\Users\Owner\Documents\Visual Studio 2012\Projects\Truss Analyzer\Truss Analyzer\Debug\link.6464-rc.read.1.tlog
C:\Users\Owner\Documents\Visual Studio 2012\Projects\Truss Analyzer\Truss Analyzer\Debug\link.6464-rc.write.1.tlog
C:\Users\Owner\Documents\Visual Studio 2012\Projects\Truss Analyzer\Truss Analyzer\Debug\link.6464.read.1.tlog
C:\Users\Owner\Documents\Visual Studio 2012\Projects\Truss Analyzer\Truss Analyzer\Debug\link.6464.write.1.tlog
C:\Users\Owner\Documents\Visual Studio 2012\Projects\Truss Analyzer\Truss Analyzer\Debug\link.6664-cvtres.read.1.tlog
C:\Users\Owner\Documents\Visual Studio 2012\Projects\Truss Analyzer\Truss Analyzer\Debug\link.6664-cvtres.write.1.tlog
C:\Users\Owner\Documents\Visual Studio 2012\Projects\Truss Analyzer\Truss Analyzer\Debug\link.6664-rc.read.1.tlog
C:\Users\Owner\Documents\Visual Studio 2012\Projects\Truss Analyzer\Truss Analyzer\Debug\link.6664-rc.write.1.tlog
C:\Users\Owner\Documents\Visual Studio 2012\Projects\Truss Analyzer\Truss Analyzer\Debug\link.6664.read.1.tlog
C:\Users\Owner\Documents\Visual Studio 2012\Projects\Truss Analyzer\Truss Analyzer\Debug\link.6664.write.1.tlog
C:\Users\Owner\Documents\Visual Studio 2012\Projects\Truss Analyzer\Truss Analyzer\Debug\link.6812-cvtres.read.1.tlog
C:\Users\Owner\Documents\Visual Studio 2012\Projects\Truss Analyzer\Truss Analyzer\Debug\link.6812-cvtres.write.1.tlog
C:\Users\Owner\Documents\Visual Studio 2012\Projects\Truss Analyzer\Truss Analyzer\Debug\link.6812-rc.read.1.tlog
C:\Users\Owner\Documents\Visual Studio 2012\Projects\Truss Analyzer\Truss Analyzer\Debug\link.6812-rc.write.1.tlog
C:\Users\Owner\Documents\Visual Studio 2012\Projects\Truss Analyzer\Truss Analyzer\Debug\link.6812.read.1.tlog
C:\Users\Owner\Documents\Visual Studio 2012\Projects\Truss Analyzer\Truss Analyzer\Debug\link.6812.write.1.tlog
C:\Users\Owner\Documents\Visual Studio 2012\Projects\Truss Analyzer\Truss Analyzer\Debug\link.7868-cvtres.read.1.tlog
C:\Users\Owner\Documents\Visual Studio 2012\Projects\Truss Analyzer\Truss Analyzer\Debug\link.7868-cvtres.write.1.tlog
C:\Users\Owner\Documents\Visual Studio 2012\Projects\Truss Analyzer\Truss Analyzer\Debug\link.7868-rc.read.1.tlog
C:\Users\Owner\Documents\Visual Studio 2012\Projects\Truss Analyzer\Truss Analyzer\Debug\link.7868-rc.write.1.tlog
C:\Users\Owner\Documents\Visual Studio 2012\Projects\Truss Analyzer\Truss Analyzer\Debug\link.7868.read.1.tlog
C:\Users\Owner\Documents\Visual Studio 2012\Projects\Truss Analyzer\Truss Analyzer\Debug\link.7868.write.1.tlog
C:\Users\Owner\Documents\Visual Studio 2012\Projects\Truss Analyzer\Truss Analyzer\Debug\link.7928-cvtres.read.1.tlog
C:\Users\Owner\Documents\Visual Studio 2012\Projects\Truss Analyzer\Truss Analyzer\Debug\link.7928-cvtres.write.1.tlog
C:\Users\Owner\Documents\Visual Studio 2012\Projects\Truss Analyzer\Truss Analyzer\Debug\link.7928-rc.read.1.tlog
C:\Users\Owner\Documents\Visual Studio 2012\Projects\Truss Analyzer\Truss Analyzer\Debug\link.7928-rc.write.1.tlog
C:\Users\Owner\Documents\Visual Studio 2012\Projects\Truss Analyzer\Truss Analyzer\Debug\link.7928.read.1.tlog
C:\Users\Owner\Documents\Visual Studio 2012\Projects\Truss Analyzer\Truss Analyzer\Debug\link.7928.write.1.tlog
C:\Users\Owner\Documents\Visual Studio 2012\Projects\Truss Analyzer\Truss Analyzer\Debug\link.8196-cvtres.read.1.tlog
C:\Users\Owner\Documents\Visual Studio 2012\Projects\Truss Analyzer\Truss Analyzer\Debug\link.8196-cvtres.write.1.tlog
C:\Users\Owner\Documents\Visual Studio 2012\Projects\Truss Analyzer\Truss Analyzer\Debug\link.8196-rc.read.1.tlog
C:\Users\Owner\Documents\Visual Studio 2012\Projects\Truss Analyzer\Truss Analyzer\Debug\link.8196-rc.write.1.tlog
C:\Users\Owner\Documents\Visual Studio 2012\Projects\Truss Analyzer\Truss Analyzer\Debug\link.8196.read.1.tlog
C:\Users\Owner\Documents\Visual Studio 2012\Projects\Truss Analyzer\Truss Analyzer\Debug\link.8196.write.1.tlog
C:\Users\Owner\Documents\Visual Studio 2012\Projects\Truss Analyzer\Truss Analyzer\Debug\link.8816-cvtres.read.1.tlog
C:\Users\Owner\Documents\Visual Studio 2012\Projects\Truss Analyzer\Truss Analyzer\Debug\link.8816-cvtres.write.1.tlog
C:\Users\Owner\Documents\Visual Studio 2012\Projects\Truss Analyzer\Truss Analyzer\Debug\link.8816-rc.read.1.tlog
C:\Users\Owner\Documents\Visual Studio 2012\Projects\Truss Analyzer\Truss Analyzer\Debug\link.8816-rc.write.1.tlog
C:\Users\Owner\Documents\Visual Studio 2012\Projects\Truss Analyzer\Truss Analyzer\Debug\link.8816.read.1.tlog
C:\Users\Owner\Documents\Visual Studio 2012\Projects\Truss Analyzer\Truss Analyzer\Debug\link.8816.write.1.tlog
C:\Users\Owner\Documents\Visual Studio 2012\Projects\Truss Analyzer\Truss Analyzer\Debug\link.command.1.tlog
C:\Users\Owner\Documents\Visual Studio 2012\Projects\Truss Analyzer\Truss Analyzer\Debug\link.read.1.tlog
C:\Users\Owner\Documents\Visual Studio 2012\Projects\Truss Analyzer\Truss Analyzer\Debug\link.write.1.tlog
C:\Users\Owner\Documents\Visual Studio 2012\Projects\Truss Analyzer\Truss Analyzer\Debug\vc110.idb
C:\Users\Owner\Documents\Visual Studio 2012\Projects\Truss Analyzer\Truss Analyzer\Debug\vc110.pdb
C:\Users\Owner\Documents\Visual Studio 2012\Projects\Truss Analyzer\Debug\Truss Analyzer.pdb
C:\Users\Owner\Documents\Visual Studio 2012\Projects\Truss Analyzer\Debug\Truss Analyzer.exe
C:\Users\Owner\Documents\Visual Studio 2012\Projects\Truss Analyzer\Debug\Truss Analyzer.ilk
